

Started GET "/" for 127.0.0.1 at 2013-11-14 00:01:28 +0530

ActiveRecord::PendingMigrationError (Migrations are pending; run 'rake db:migrate RAILS_ENV=development' to resolve this issue.):
  activerecord (4.0.0) lib/active_record/migration.rb:379:in `check_pending!'
  activerecord (4.0.0) lib/active_record/migration.rb:366:in `call'
  actionpack (4.0.0) lib/action_dispatch/middleware/callbacks.rb:29:in `block in call'
  activesupport (4.0.0) lib/active_support/callbacks.rb:373:in `_run__570095656__call__callbacks'
  activesupport (4.0.0) lib/active_support/callbacks.rb:80:in `run_callbacks'
  actionpack (4.0.0) lib/action_dispatch/middleware/callbacks.rb:27:in `call'
  actionpack (4.0.0) lib/action_dispatch/middleware/reloader.rb:64:in `call'
  actionpack (4.0.0) lib/action_dispatch/middleware/remote_ip.rb:76:in `call'
  actionpack (4.0.0) lib/action_dispatch/middleware/debug_exceptions.rb:17:in `call'
  actionpack (4.0.0) lib/action_dispatch/middleware/show_exceptions.rb:30:in `call'
  railties (4.0.0) lib/rails/rack/logger.rb:38:in `call_app'
  railties (4.0.0) lib/rails/rack/logger.rb:21:in `block in call'
  activesupport (4.0.0) lib/active_support/tagged_logging.rb:67:in `block in tagged'
  activesupport (4.0.0) lib/active_support/tagged_logging.rb:25:in `tagged'
  activesupport (4.0.0) lib/active_support/tagged_logging.rb:67:in `tagged'
  railties (4.0.0) lib/rails/rack/logger.rb:21:in `call'
  actionpack (4.0.0) lib/action_dispatch/middleware/request_id.rb:21:in `call'
  rack (1.5.2) lib/rack/methodoverride.rb:21:in `call'
  rack (1.5.2) lib/rack/runtime.rb:17:in `call'
  activesupport (4.0.0) lib/active_support/cache/strategy/local_cache.rb:83:in `call'
  rack (1.5.2) lib/rack/lock.rb:17:in `call'
  actionpack (4.0.0) lib/action_dispatch/middleware/static.rb:64:in `call'
  railties (4.0.0) lib/rails/engine.rb:511:in `call'
  railties (4.0.0) lib/rails/application.rb:97:in `call'
  rack (1.5.2) lib/rack/lock.rb:17:in `call'
  rack (1.5.2) lib/rack/content_length.rb:14:in `call'
  rack (1.5.2) lib/rack/handler/webrick.rb:60:in `service'
  c:/RailsInstaller/Ruby2.0.0/lib/ruby/2.0.0/webrick/httpserver.rb:138:in `service'
  c:/RailsInstaller/Ruby2.0.0/lib/ruby/2.0.0/webrick/httpserver.rb:94:in `run'
  c:/RailsInstaller/Ruby2.0.0/lib/ruby/2.0.0/webrick/server.rb:295:in `block in start_thread'


  Rendered c:/RailsInstaller/Ruby2.0.0/lib/ruby/gems/2.0.0/gems/actionpack-4.0.0/lib/action_dispatch/middleware/templates/rescues/_source.erb (1.0ms)
  Rendered c:/RailsInstaller/Ruby2.0.0/lib/ruby/gems/2.0.0/gems/actionpack-4.0.0/lib/action_dispatch/middleware/templates/rescues/_trace.erb (2.0ms)
  Rendered c:/RailsInstaller/Ruby2.0.0/lib/ruby/gems/2.0.0/gems/actionpack-4.0.0/lib/action_dispatch/middleware/templates/rescues/_request_and_response.erb (2.0ms)
  Rendered c:/RailsInstaller/Ruby2.0.0/lib/ruby/gems/2.0.0/gems/actionpack-4.0.0/lib/action_dispatch/middleware/templates/rescues/diagnostics.erb within rescues/layout (41.0ms)
  [1m[36m (211.1ms)[0m  [1mCREATE TABLE "schema_migrations" ("version" varchar(255) NOT NULL) [0m
  [1m[35m (158.1ms)[0m  CREATE UNIQUE INDEX "unique_schema_migrations" ON "schema_migrations" ("version")
  [1m[36mActiveRecord::SchemaMigration Load (1.0ms)[0m  [1mSELECT "schema_migrations".* FROM "schema_migrations"[0m
Migrating to CreatePosts (20131112083507)
  [1m[35m (0.0ms)[0m  begin transaction
  [1m[36m (18.0ms)[0m  [1mCREATE TABLE "posts" ("id" INTEGER PRIMARY KEY AUTOINCREMENT NOT NULL, "title" varchar(255), "content" text, "created_at" datetime, "updated_at" datetime) [0m
  [1m[35mSQL (0.0ms)[0m  INSERT INTO "schema_migrations" ("version") VALUES (?)  [["version", "20131112083507"]]
  [1m[36m (148.1ms)[0m  [1mcommit transaction[0m
Migrating to DeviseCreateUsers (20131112131531)
  [1m[35m (0.0ms)[0m  begin transaction
  [1m[36m (29.0ms)[0m  [1mCREATE TABLE "users" ("id" INTEGER PRIMARY KEY AUTOINCREMENT NOT NULL, "email" varchar(255) DEFAULT '' NOT NULL, "encrypted_password" varchar(255) DEFAULT '' NOT NULL, "reset_password_token" varchar(255), "reset_password_sent_at" datetime, "remember_created_at" datetime, "sign_in_count" integer DEFAULT 0 NOT NULL, "current_sign_in_at" datetime, "last_sign_in_at" datetime, "current_sign_in_ip" varchar(255), "last_sign_in_ip" varchar(255), "created_at" datetime, "updated_at" datetime) [0m
  [1m[35m (45.0ms)[0m  CREATE UNIQUE INDEX "index_users_on_email" ON "users" ("email")
  [1m[36m (1.0ms)[0m  [1mCREATE UNIQUE INDEX "index_users_on_reset_password_token" ON "users" ("reset_password_token")[0m
  [1m[35mSQL (1.0ms)[0m  INSERT INTO "schema_migrations" ("version") VALUES (?)  [["version", "20131112131531"]]
  [1m[36m (204.1ms)[0m  [1mcommit transaction[0m
  [1m[35mActiveRecord::SchemaMigration Load (1.0ms)[0m  SELECT "schema_migrations".* FROM "schema_migrations"


Started GET "/" for 127.0.0.1 at 2013-11-14 00:02:21 +0530
  [1m[36mActiveRecord::SchemaMigration Load (0.0ms)[0m  [1mSELECT "schema_migrations".* FROM "schema_migrations"[0m
Processing by PostsController#index as HTML
  [1m[35mUser Load (0.0ms)[0m  SELECT "users".* FROM "users" WHERE "users"."id" = 1 ORDER BY "users"."id" ASC LIMIT 1
Completed 401 Unauthorized in 99ms


Started GET "/users/sign_in" for 127.0.0.1 at 2013-11-14 00:02:21 +0530
Processing by Devise::SessionsController#new as HTML
  Rendered c:/RailsInstaller/Ruby2.0.0/lib/ruby/gems/2.0.0/gems/devise-3.2.0/app/views/devise/shared/_links.erb (2.0ms)
  Rendered c:/RailsInstaller/Ruby2.0.0/lib/ruby/gems/2.0.0/gems/devise-3.2.0/app/views/devise/sessions/new.html.erb within layouts/application (108.1ms)
Completed 200 OK in 5676ms (Views: 5600.7ms | ActiveRecord: 1.0ms)


Started GET "/assets/application.css?body=1" for 127.0.0.1 at 2013-11-14 00:02:27 +0530


Started GET "/assets/user.css?body=1" for 127.0.0.1 at 2013-11-14 00:02:27 +0530


Started GET "/assets/posts.css?body=1" for 127.0.0.1 at 2013-11-14 00:02:27 +0530


Started GET "/assets/jquery.js?body=1" for 127.0.0.1 at 2013-11-14 00:02:27 +0530


Started GET "/assets/jquery_ujs.js?body=1" for 127.0.0.1 at 2013-11-14 00:02:27 +0530


Started GET "/assets/turbolinks.js?body=1" for 127.0.0.1 at 2013-11-14 00:02:27 +0530


Started GET "/assets/posts.js?body=1" for 127.0.0.1 at 2013-11-14 00:02:27 +0530


Started GET "/assets/user.js?body=1" for 127.0.0.1 at 2013-11-14 00:02:27 +0530


Started GET "/javascripts/all.js" for 127.0.0.1 at 2013-11-14 00:02:27 +0530

ActionController::RoutingError (No route matches [GET] "/javascripts/all.js"):
  actionpack (4.0.0) lib/action_dispatch/middleware/debug_exceptions.rb:21:in `call'
  actionpack (4.0.0) lib/action_dispatch/middleware/show_exceptions.rb:30:in `call'
  railties (4.0.0) lib/rails/rack/logger.rb:38:in `call_app'
  railties (4.0.0) lib/rails/rack/logger.rb:21:in `block in call'
  activesupport (4.0.0) lib/active_support/tagged_logging.rb:67:in `block in tagged'
  activesupport (4.0.0) lib/active_support/tagged_logging.rb:25:in `tagged'
  activesupport (4.0.0) lib/active_support/tagged_logging.rb:67:in `tagged'
  railties (4.0.0) lib/rails/rack/logger.rb:21:in `call'
  actionpack (4.0.0) lib/action_dispatch/middleware/request_id.rb:21:in `call'
  rack (1.5.2) lib/rack/methodoverride.rb:21:in `call'
  rack (1.5.2) lib/rack/runtime.rb:17:in `call'
  activesupport (4.0.0) lib/active_support/cache/strategy/local_cache.rb:83:in `call'
  rack (1.5.2) lib/rack/lock.rb:17:in `call'
  actionpack (4.0.0) lib/action_dispatch/middleware/static.rb:64:in `call'
  railties (4.0.0) lib/rails/engine.rb:511:in `call'
  railties (4.0.0) lib/rails/application.rb:97:in `call'
  rack (1.5.2) lib/rack/lock.rb:17:in `call'
  rack (1.5.2) lib/rack/content_length.rb:14:in `call'
  rack (1.5.2) lib/rack/handler/webrick.rb:60:in `service'
  c:/RailsInstaller/Ruby2.0.0/lib/ruby/2.0.0/webrick/httpserver.rb:138:in `service'
  c:/RailsInstaller/Ruby2.0.0/lib/ruby/2.0.0/webrick/httpserver.rb:94:in `run'
  c:/RailsInstaller/Ruby2.0.0/lib/ruby/2.0.0/webrick/server.rb:295:in `block in start_thread'


  Rendered c:/RailsInstaller/Ruby2.0.0/lib/ruby/gems/2.0.0/gems/actionpack-4.0.0/lib/action_dispatch/middleware/templates/rescues/_trace.erb (1.0ms)
  Rendered c:/RailsInstaller/Ruby2.0.0/lib/ruby/gems/2.0.0/gems/actionpack-4.0.0/lib/action_dispatch/middleware/templates/routes/_route.html.erb (2.0ms)
  Rendered c:/RailsInstaller/Ruby2.0.0/lib/ruby/gems/2.0.0/gems/actionpack-4.0.0/lib/action_dispatch/middleware/templates/routes/_table.html.erb (4.0ms)
  Rendered c:/RailsInstaller/Ruby2.0.0/lib/ruby/gems/2.0.0/gems/actionpack-4.0.0/lib/action_dispatch/middleware/templates/rescues/routing_error.erb within rescues/layout (74.1ms)


Started GET "/assets/application.js?body=1" for 127.0.0.1 at 2013-11-14 00:02:27 +0530


Started GET "/users/sign_in" for 127.0.0.1 at 2013-11-14 00:24:18 +0530
  [1m[36mActiveRecord::SchemaMigration Load (1.0ms)[0m  [1mSELECT "schema_migrations".* FROM "schema_migrations"[0m
Processing by Devise::SessionsController#new as HTML
  Rendered c:/RailsInstaller/Ruby2.0.0/lib/ruby/gems/2.0.0/gems/devise-3.2.0/app/views/devise/shared/_links.erb (2.0ms)
  Rendered c:/RailsInstaller/Ruby2.0.0/lib/ruby/gems/2.0.0/gems/devise-3.2.0/app/views/devise/sessions/new.html.erb within layouts/application (62.0ms)
Completed 200 OK in 3102ms (Views: 2980.0ms | ActiveRecord: 2.0ms)


Started GET "/assets/application.css?body=1" for 127.0.0.1 at 2013-11-14 00:24:21 +0530


Started GET "/assets/posts.css?body=1" for 127.0.0.1 at 2013-11-14 00:24:21 +0530


Started GET "/assets/jquery.js?body=1" for 127.0.0.1 at 2013-11-14 00:24:21 +0530


Started GET "/assets/jquery_ujs.js?body=1" for 127.0.0.1 at 2013-11-14 00:24:21 +0530


Started GET "/assets/user.css?body=1" for 127.0.0.1 at 2013-11-14 00:24:21 +0530


Started GET "/assets/turbolinks.js?body=1" for 127.0.0.1 at 2013-11-14 00:24:21 +0530


Started GET "/assets/posts.js?body=1" for 127.0.0.1 at 2013-11-14 00:24:21 +0530


Started GET "/assets/user.js?body=1" for 127.0.0.1 at 2013-11-14 00:24:21 +0530


Started GET "/javascripts/all.js" for 127.0.0.1 at 2013-11-14 00:24:21 +0530

ActionController::RoutingError (No route matches [GET] "/javascripts/all.js"):
  actionpack (4.0.0) lib/action_dispatch/middleware/debug_exceptions.rb:21:in `call'
  actionpack (4.0.0) lib/action_dispatch/middleware/show_exceptions.rb:30:in `call'
  railties (4.0.0) lib/rails/rack/logger.rb:38:in `call_app'
  railties (4.0.0) lib/rails/rack/logger.rb:21:in `block in call'
  activesupport (4.0.0) lib/active_support/tagged_logging.rb:67:in `block in tagged'
  activesupport (4.0.0) lib/active_support/tagged_logging.rb:25:in `tagged'
  activesupport (4.0.0) lib/active_support/tagged_logging.rb:67:in `tagged'
  railties (4.0.0) lib/rails/rack/logger.rb:21:in `call'
  actionpack (4.0.0) lib/action_dispatch/middleware/request_id.rb:21:in `call'
  rack (1.5.2) lib/rack/methodoverride.rb:21:in `call'
  rack (1.5.2) lib/rack/runtime.rb:17:in `call'
  activesupport (4.0.0) lib/active_support/cache/strategy/local_cache.rb:83:in `call'
  rack (1.5.2) lib/rack/lock.rb:17:in `call'
  actionpack (4.0.0) lib/action_dispatch/middleware/static.rb:64:in `call'
  railties (4.0.0) lib/rails/engine.rb:511:in `call'
  railties (4.0.0) lib/rails/application.rb:97:in `call'
  rack (1.5.2) lib/rack/lock.rb:17:in `call'
  rack (1.5.2) lib/rack/content_length.rb:14:in `call'
  rack (1.5.2) lib/rack/handler/webrick.rb:60:in `service'
  c:/RailsInstaller/Ruby2.0.0/lib/ruby/2.0.0/webrick/httpserver.rb:138:in `service'
  c:/RailsInstaller/Ruby2.0.0/lib/ruby/2.0.0/webrick/httpserver.rb:94:in `run'
  c:/RailsInstaller/Ruby2.0.0/lib/ruby/2.0.0/webrick/server.rb:295:in `block in start_thread'


  Rendered c:/RailsInstaller/Ruby2.0.0/lib/ruby/gems/2.0.0/gems/actionpack-4.0.0/lib/action_dispatch/middleware/templates/rescues/_trace.erb (1.0ms)
  Rendered c:/RailsInstaller/Ruby2.0.0/lib/ruby/gems/2.0.0/gems/actionpack-4.0.0/lib/action_dispatch/middleware/templates/routes/_route.html.erb (2.0ms)
  Rendered c:/RailsInstaller/Ruby2.0.0/lib/ruby/gems/2.0.0/gems/actionpack-4.0.0/lib/action_dispatch/middleware/templates/routes/_table.html.erb (4.0ms)
  Rendered c:/RailsInstaller/Ruby2.0.0/lib/ruby/gems/2.0.0/gems/actionpack-4.0.0/lib/action_dispatch/middleware/templates/rescues/routing_error.erb within rescues/layout (75.1ms)


Started GET "/assets/application.js?body=1" for 127.0.0.1 at 2013-11-14 00:24:21 +0530


Started POST "/users/sign_in" for 127.0.0.1 at 2013-11-14 00:24:28 +0530
Processing by Devise::SessionsController#create as HTML
  Parameters: {"utf8"=>"✓", "authenticity_token"=>"DOH4xP540OI/MT2TNuJXSjQcHjE+Xrk/ZrJ1rEWw21E=", "user"=>{"email"=>"sarathsprakash@gmail.com", "password"=>"[FILTERED]", "remember_me"=>"0"}, "commit"=>"Sign in"}
  [1m[35mUser Load (0.0ms)[0m  SELECT "users".* FROM "users" WHERE "users"."email" = 'sarathsprakash@gmail.com' LIMIT 1
Completed 401 Unauthorized in 43ms
Processing by Devise::SessionsController#new as HTML
  Parameters: {"utf8"=>"✓", "authenticity_token"=>"DOH4xP540OI/MT2TNuJXSjQcHjE+Xrk/ZrJ1rEWw21E=", "user"=>{"email"=>"sarathsprakash@gmail.com", "password"=>"[FILTERED]", "remember_me"=>"0"}, "commit"=>"Sign in"}
WARNING: Can't mass-assign protected attributes for User: remember_me

  Rendered c:/RailsInstaller/Ruby2.0.0/lib/ruby/gems/2.0.0/gems/devise-3.2.0/app/views/devise/shared/_links.erb (1.0ms)
  Rendered c:/RailsInstaller/Ruby2.0.0/lib/ruby/gems/2.0.0/gems/devise-3.2.0/app/views/devise/sessions/new.html.erb within layouts/application (8.0ms)
Completed 200 OK in 152ms (Views: 36.0ms | ActiveRecord: 0.0ms)


Started GET "/assets/user.css?body=1" for 127.0.0.1 at 2013-11-14 00:24:29 +0530


Started GET "/assets/posts.css?body=1" for 127.0.0.1 at 2013-11-14 00:24:29 +0530


Started GET "/assets/jquery_ujs.js?body=1" for 127.0.0.1 at 2013-11-14 00:24:29 +0530


Started GET "/assets/application.css?body=1" for 127.0.0.1 at 2013-11-14 00:24:29 +0530


Started GET "/assets/turbolinks.js?body=1" for 127.0.0.1 at 2013-11-14 00:24:29 +0530


Started GET "/assets/jquery.js?body=1" for 127.0.0.1 at 2013-11-14 00:24:29 +0530


Started GET "/assets/posts.js?body=1" for 127.0.0.1 at 2013-11-14 00:24:29 +0530


Started GET "/assets/user.js?body=1" for 127.0.0.1 at 2013-11-14 00:24:29 +0530


Started GET "/assets/application.js?body=1" for 127.0.0.1 at 2013-11-14 00:24:29 +0530


Started GET "/javascripts/all.js" for 127.0.0.1 at 2013-11-14 00:24:29 +0530

ActionController::RoutingError (No route matches [GET] "/javascripts/all.js"):
  actionpack (4.0.0) lib/action_dispatch/middleware/debug_exceptions.rb:21:in `call'
  actionpack (4.0.0) lib/action_dispatch/middleware/show_exceptions.rb:30:in `call'
  railties (4.0.0) lib/rails/rack/logger.rb:38:in `call_app'
  railties (4.0.0) lib/rails/rack/logger.rb:21:in `block in call'
  activesupport (4.0.0) lib/active_support/tagged_logging.rb:67:in `block in tagged'
  activesupport (4.0.0) lib/active_support/tagged_logging.rb:25:in `tagged'
  activesupport (4.0.0) lib/active_support/tagged_logging.rb:67:in `tagged'
  railties (4.0.0) lib/rails/rack/logger.rb:21:in `call'
  actionpack (4.0.0) lib/action_dispatch/middleware/request_id.rb:21:in `call'
  rack (1.5.2) lib/rack/methodoverride.rb:21:in `call'
  rack (1.5.2) lib/rack/runtime.rb:17:in `call'
  activesupport (4.0.0) lib/active_support/cache/strategy/local_cache.rb:83:in `call'
  rack (1.5.2) lib/rack/lock.rb:17:in `call'
  actionpack (4.0.0) lib/action_dispatch/middleware/static.rb:64:in `call'
  railties (4.0.0) lib/rails/engine.rb:511:in `call'
  railties (4.0.0) lib/rails/application.rb:97:in `call'
  rack (1.5.2) lib/rack/lock.rb:17:in `call'
  rack (1.5.2) lib/rack/content_length.rb:14:in `call'
  rack (1.5.2) lib/rack/handler/webrick.rb:60:in `service'
  c:/RailsInstaller/Ruby2.0.0/lib/ruby/2.0.0/webrick/httpserver.rb:138:in `service'
  c:/RailsInstaller/Ruby2.0.0/lib/ruby/2.0.0/webrick/httpserver.rb:94:in `run'
  c:/RailsInstaller/Ruby2.0.0/lib/ruby/2.0.0/webrick/server.rb:295:in `block in start_thread'


  Rendered c:/RailsInstaller/Ruby2.0.0/lib/ruby/gems/2.0.0/gems/actionpack-4.0.0/lib/action_dispatch/middleware/templates/rescues/_trace.erb (1.0ms)
  Rendered c:/RailsInstaller/Ruby2.0.0/lib/ruby/gems/2.0.0/gems/actionpack-4.0.0/lib/action_dispatch/middleware/templates/routes/_route.html.erb (3.0ms)
  Rendered c:/RailsInstaller/Ruby2.0.0/lib/ruby/gems/2.0.0/gems/actionpack-4.0.0/lib/action_dispatch/middleware/templates/routes/_table.html.erb (1.0ms)
  Rendered c:/RailsInstaller/Ruby2.0.0/lib/ruby/gems/2.0.0/gems/actionpack-4.0.0/lib/action_dispatch/middleware/templates/rescues/routing_error.erb within rescues/layout (70.0ms)


Started GET "/users/sign_up" for 127.0.0.1 at 2013-11-14 00:24:33 +0530
Processing by Devise::RegistrationsController#new as HTML
  Rendered c:/RailsInstaller/Ruby2.0.0/lib/ruby/gems/2.0.0/gems/devise-3.2.0/app/views/devise/shared/_links.erb (0.0ms)
  Rendered c:/RailsInstaller/Ruby2.0.0/lib/ruby/gems/2.0.0/gems/devise-3.2.0/app/views/devise/registrations/new.html.erb within layouts/application (7.0ms)
Completed 200 OK in 38ms (Views: 36.0ms | ActiveRecord: 0.0ms)


Started GET "/assets/user.css?body=1" for 127.0.0.1 at 2013-11-14 00:24:34 +0530


Started GET "/assets/jquery.js?body=1" for 127.0.0.1 at 2013-11-14 00:24:34 +0530


Started GET "/assets/jquery_ujs.js?body=1" for 127.0.0.1 at 2013-11-14 00:24:34 +0530


Started GET "/assets/turbolinks.js?body=1" for 127.0.0.1 at 2013-11-14 00:24:34 +0530


Started GET "/assets/posts.css?body=1" for 127.0.0.1 at 2013-11-14 00:24:34 +0530


Started GET "/assets/application.css?body=1" for 127.0.0.1 at 2013-11-14 00:24:34 +0530


Started GET "/assets/posts.js?body=1" for 127.0.0.1 at 2013-11-14 00:24:34 +0530


Started GET "/assets/user.js?body=1" for 127.0.0.1 at 2013-11-14 00:24:34 +0530


Started GET "/assets/application.js?body=1" for 127.0.0.1 at 2013-11-14 00:24:34 +0530


Started GET "/javascripts/all.js" for 127.0.0.1 at 2013-11-14 00:24:34 +0530

ActionController::RoutingError (No route matches [GET] "/javascripts/all.js"):
  actionpack (4.0.0) lib/action_dispatch/middleware/debug_exceptions.rb:21:in `call'
  actionpack (4.0.0) lib/action_dispatch/middleware/show_exceptions.rb:30:in `call'
  railties (4.0.0) lib/rails/rack/logger.rb:38:in `call_app'
  railties (4.0.0) lib/rails/rack/logger.rb:21:in `block in call'
  activesupport (4.0.0) lib/active_support/tagged_logging.rb:67:in `block in tagged'
  activesupport (4.0.0) lib/active_support/tagged_logging.rb:25:in `tagged'
  activesupport (4.0.0) lib/active_support/tagged_logging.rb:67:in `tagged'
  railties (4.0.0) lib/rails/rack/logger.rb:21:in `call'
  actionpack (4.0.0) lib/action_dispatch/middleware/request_id.rb:21:in `call'
  rack (1.5.2) lib/rack/methodoverride.rb:21:in `call'
  rack (1.5.2) lib/rack/runtime.rb:17:in `call'
  activesupport (4.0.0) lib/active_support/cache/strategy/local_cache.rb:83:in `call'
  rack (1.5.2) lib/rack/lock.rb:17:in `call'
  actionpack (4.0.0) lib/action_dispatch/middleware/static.rb:64:in `call'
  railties (4.0.0) lib/rails/engine.rb:511:in `call'
  railties (4.0.0) lib/rails/application.rb:97:in `call'
  rack (1.5.2) lib/rack/lock.rb:17:in `call'
  rack (1.5.2) lib/rack/content_length.rb:14:in `call'
  rack (1.5.2) lib/rack/handler/webrick.rb:60:in `service'
  c:/RailsInstaller/Ruby2.0.0/lib/ruby/2.0.0/webrick/httpserver.rb:138:in `service'
  c:/RailsInstaller/Ruby2.0.0/lib/ruby/2.0.0/webrick/httpserver.rb:94:in `run'
  c:/RailsInstaller/Ruby2.0.0/lib/ruby/2.0.0/webrick/server.rb:295:in `block in start_thread'


  Rendered c:/RailsInstaller/Ruby2.0.0/lib/ruby/gems/2.0.0/gems/actionpack-4.0.0/lib/action_dispatch/middleware/templates/rescues/_trace.erb (2.0ms)
  Rendered c:/RailsInstaller/Ruby2.0.0/lib/ruby/gems/2.0.0/gems/actionpack-4.0.0/lib/action_dispatch/middleware/templates/routes/_route.html.erb (3.0ms)
  Rendered c:/RailsInstaller/Ruby2.0.0/lib/ruby/gems/2.0.0/gems/actionpack-4.0.0/lib/action_dispatch/middleware/templates/routes/_table.html.erb (1.0ms)
  Rendered c:/RailsInstaller/Ruby2.0.0/lib/ruby/gems/2.0.0/gems/actionpack-4.0.0/lib/action_dispatch/middleware/templates/rescues/routing_error.erb within rescues/layout (77.1ms)


Started POST "/users" for 127.0.0.1 at 2013-11-14 00:24:44 +0530
Processing by Devise::RegistrationsController#create as HTML
  Parameters: {"utf8"=>"✓", "authenticity_token"=>"DOH4xP540OI/MT2TNuJXSjQcHjE+Xrk/ZrJ1rEWw21E=", "user"=>{"email"=>"sarathsprakash@gmail.com", "password"=>"[FILTERED]", "password_confirmation"=>"[FILTERED]"}, "commit"=>"Sign up"}
  [1m[36m (0.0ms)[0m  [1mbegin transaction[0m
  [1m[35mUser Exists (0.0ms)[0m  SELECT 1 AS one FROM "users" WHERE "users"."email" = 'sarathsprakash@gmail.com' LIMIT 1
Binary data inserted for `string` type on column `encrypted_password`
  [1m[36mSQL (32.0ms)[0m  [1mINSERT INTO "users" ("created_at", "email", "encrypted_password", "updated_at") VALUES (?, ?, ?, ?)[0m  [["created_at", Wed, 13 Nov 2013 18:54:44 UTC +00:00], ["email", "sarathsprakash@gmail.com"], ["encrypted_password", "$2a$10$yOGMkeRIK1ftqjYMwmRKGeOl1yAV4jTI8Co/pi5DbMst6wUDX/UEy"], ["updated_at", Wed, 13 Nov 2013 18:54:44 UTC +00:00]]
  [1m[35m (74.0ms)[0m  commit transaction
  [1m[36m (0.0ms)[0m  [1mbegin transaction[0m
Binary data inserted for `string` type on column `last_sign_in_ip`
Binary data inserted for `string` type on column `current_sign_in_ip`
  [1m[35mSQL (15.0ms)[0m  UPDATE "users" SET "last_sign_in_at" = ?, "current_sign_in_at" = ?, "last_sign_in_ip" = ?, "current_sign_in_ip" = ?, "sign_in_count" = ?, "updated_at" = ? WHERE "users"."id" = 1  [["last_sign_in_at", Wed, 13 Nov 2013 18:54:44 UTC +00:00], ["current_sign_in_at", Wed, 13 Nov 2013 18:54:44 UTC +00:00], ["last_sign_in_ip", "127.0.0.1"], ["current_sign_in_ip", "127.0.0.1"], ["sign_in_count", 1], ["updated_at", Wed, 13 Nov 2013 18:54:44 UTC +00:00]]
  [1m[36m (78.1ms)[0m  [1mcommit transaction[0m
Redirected to http://localhost:3000/
Completed 302 Found in 385ms (ActiveRecord: 199.1ms)


Started GET "/" for 127.0.0.1 at 2013-11-14 00:24:44 +0530
Processing by PostsController#index as HTML
  [1m[35mUser Load (1.0ms)[0m  SELECT "users".* FROM "users" WHERE "users"."id" = 1 ORDER BY "users"."id" ASC LIMIT 1
  [1m[36mPost Load (0.0ms)[0m  [1mSELECT "posts".* FROM "posts"[0m
  Rendered posts/index.html.erb within layouts/application (2.0ms)
Completed 200 OK in 57ms (Views: 48.0ms | ActiveRecord: 1.0ms)


Started GET "/assets/turbolinks.js?body=1" for 127.0.0.1 at 2013-11-14 00:24:44 +0530


Started GET "/assets/user.css?body=1" for 127.0.0.1 at 2013-11-14 00:24:44 +0530


Started GET "/assets/jquery.js?body=1" for 127.0.0.1 at 2013-11-14 00:24:44 +0530


Started GET "/assets/posts.css?body=1" for 127.0.0.1 at 2013-11-14 00:24:44 +0530


Started GET "/assets/jquery_ujs.js?body=1" for 127.0.0.1 at 2013-11-14 00:24:45 +0530


Started GET "/assets/application.css?body=1" for 127.0.0.1 at 2013-11-14 00:24:45 +0530


Started GET "/assets/posts.js?body=1" for 127.0.0.1 at 2013-11-14 00:24:45 +0530


Started GET "/assets/user.js?body=1" for 127.0.0.1 at 2013-11-14 00:24:45 +0530


Started GET "/assets/application.js?body=1" for 127.0.0.1 at 2013-11-14 00:24:45 +0530


Started GET "/javascripts/all.js" for 127.0.0.1 at 2013-11-14 00:24:45 +0530

ActionController::RoutingError (No route matches [GET] "/javascripts/all.js"):
  actionpack (4.0.0) lib/action_dispatch/middleware/debug_exceptions.rb:21:in `call'
  actionpack (4.0.0) lib/action_dispatch/middleware/show_exceptions.rb:30:in `call'
  railties (4.0.0) lib/rails/rack/logger.rb:38:in `call_app'
  railties (4.0.0) lib/rails/rack/logger.rb:21:in `block in call'
  activesupport (4.0.0) lib/active_support/tagged_logging.rb:67:in `block in tagged'
  activesupport (4.0.0) lib/active_support/tagged_logging.rb:25:in `tagged'
  activesupport (4.0.0) lib/active_support/tagged_logging.rb:67:in `tagged'
  railties (4.0.0) lib/rails/rack/logger.rb:21:in `call'
  actionpack (4.0.0) lib/action_dispatch/middleware/request_id.rb:21:in `call'
  rack (1.5.2) lib/rack/methodoverride.rb:21:in `call'
  rack (1.5.2) lib/rack/runtime.rb:17:in `call'
  activesupport (4.0.0) lib/active_support/cache/strategy/local_cache.rb:83:in `call'
  rack (1.5.2) lib/rack/lock.rb:17:in `call'
  actionpack (4.0.0) lib/action_dispatch/middleware/static.rb:64:in `call'
  railties (4.0.0) lib/rails/engine.rb:511:in `call'
  railties (4.0.0) lib/rails/application.rb:97:in `call'
  rack (1.5.2) lib/rack/lock.rb:17:in `call'
  rack (1.5.2) lib/rack/content_length.rb:14:in `call'
  rack (1.5.2) lib/rack/handler/webrick.rb:60:in `service'
  c:/RailsInstaller/Ruby2.0.0/lib/ruby/2.0.0/webrick/httpserver.rb:138:in `service'
  c:/RailsInstaller/Ruby2.0.0/lib/ruby/2.0.0/webrick/httpserver.rb:94:in `run'
  c:/RailsInstaller/Ruby2.0.0/lib/ruby/2.0.0/webrick/server.rb:295:in `block in start_thread'


  Rendered c:/RailsInstaller/Ruby2.0.0/lib/ruby/gems/2.0.0/gems/actionpack-4.0.0/lib/action_dispatch/middleware/templates/rescues/_trace.erb (1.0ms)
  Rendered c:/RailsInstaller/Ruby2.0.0/lib/ruby/gems/2.0.0/gems/actionpack-4.0.0/lib/action_dispatch/middleware/templates/routes/_route.html.erb (2.0ms)
  Rendered c:/RailsInstaller/Ruby2.0.0/lib/ruby/gems/2.0.0/gems/actionpack-4.0.0/lib/action_dispatch/middleware/templates/routes/_table.html.erb (1.0ms)
  Rendered c:/RailsInstaller/Ruby2.0.0/lib/ruby/gems/2.0.0/gems/actionpack-4.0.0/lib/action_dispatch/middleware/templates/rescues/routing_error.erb within rescues/layout (74.0ms)


Started GET "/posts/new" for 127.0.0.1 at 2013-11-14 00:24:48 +0530
Processing by PostsController#new as HTML
  [1m[35mUser Load (0.0ms)[0m  SELECT "users".* FROM "users" WHERE "users"."id" = 1 ORDER BY "users"."id" ASC LIMIT 1
  Rendered posts/new.html.erb within layouts/application (17.0ms)
Completed 200 OK in 46ms (Views: 40.0ms | ActiveRecord: 1.0ms)


Started POST "/posts" for 127.0.0.1 at 2013-11-14 00:24:55 +0530
Processing by PostsController#create as HTML
  Parameters: {"utf8"=>"✓", "authenticity_token"=>"DOH4xP540OI/MT2TNuJXSjQcHjE+Xrk/ZrJ1rEWw21E=", "post"=>{"title"=>"First", "content"=>"kjhkjg"}, "commit"=>"Add a new post"}
  [1m[36mUser Load (1.0ms)[0m  [1mSELECT "users".* FROM "users" WHERE "users"."id" = 1 ORDER BY "users"."id" ASC LIMIT 1[0m
  [1m[35m (0.0ms)[0m  begin transaction
  [1m[36mPost Exists (0.0ms)[0m  [1mSELECT 1 AS one FROM "posts" WHERE "posts"."title" = 'First' LIMIT 1[0m
  [1m[35mSQL (8.0ms)[0m  INSERT INTO "posts" ("content", "created_at", "title", "updated_at") VALUES (?, ?, ?, ?)  [["content", "kjhkjg"], ["created_at", Wed, 13 Nov 2013 18:54:55 UTC +00:00], ["title", "First"], ["updated_at", Wed, 13 Nov 2013 18:54:55 UTC +00:00]]
  [1m[36m (104.1ms)[0m  [1mcommit transaction[0m
Redirected to http://localhost:3000/posts
Completed 302 Found in 126ms (ActiveRecord: 113.1ms)


Started GET "/posts" for 127.0.0.1 at 2013-11-14 00:24:55 +0530
Processing by PostsController#index as HTML
  [1m[35mUser Load (0.0ms)[0m  SELECT "users".* FROM "users" WHERE "users"."id" = 1 ORDER BY "users"."id" ASC LIMIT 1
  [1m[36mPost Load (0.0ms)[0m  [1mSELECT "posts".* FROM "posts"[0m
DEPRECATION WARNING: :confirm option is deprecated and will be removed from Rails 4.1. Use 'data: { confirm: 'Text' }' instead. (called from block in _app_views_posts_index_html_erb___800723413_35374920 at c:/Users/sar/blog/app/views/posts/index.html.erb:6)
  Rendered posts/index.html.erb within layouts/application (5.0ms)
Completed 200 OK in 2831ms (Views: 2826.9ms | ActiveRecord: 0.0ms)


Started GET "/assets/posts.css?body=1" for 127.0.0.1 at 2013-11-14 00:24:58 +0530


Started GET "/assets/user.css?body=1" for 127.0.0.1 at 2013-11-14 00:24:58 +0530


Started GET "/assets/jquery_ujs.js?body=1" for 127.0.0.1 at 2013-11-14 00:24:58 +0530


Started GET "/assets/turbolinks.js?body=1" for 127.0.0.1 at 2013-11-14 00:24:58 +0530


Started GET "/assets/jquery.js?body=1" for 127.0.0.1 at 2013-11-14 00:24:58 +0530


Started GET "/assets/application.css?body=1" for 127.0.0.1 at 2013-11-14 00:24:58 +0530


Started GET "/assets/posts.js?body=1" for 127.0.0.1 at 2013-11-14 00:24:58 +0530


Started GET "/assets/user.js?body=1" for 127.0.0.1 at 2013-11-14 00:24:58 +0530


Started GET "/assets/application.js?body=1" for 127.0.0.1 at 2013-11-14 00:24:58 +0530


Started GET "/javascripts/all.js" for 127.0.0.1 at 2013-11-14 00:24:58 +0530

ActionController::RoutingError (No route matches [GET] "/javascripts/all.js"):
  actionpack (4.0.0) lib/action_dispatch/middleware/debug_exceptions.rb:21:in `call'
  actionpack (4.0.0) lib/action_dispatch/middleware/show_exceptions.rb:30:in `call'
  railties (4.0.0) lib/rails/rack/logger.rb:38:in `call_app'
  railties (4.0.0) lib/rails/rack/logger.rb:21:in `block in call'
  activesupport (4.0.0) lib/active_support/tagged_logging.rb:67:in `block in tagged'
  activesupport (4.0.0) lib/active_support/tagged_logging.rb:25:in `tagged'
  activesupport (4.0.0) lib/active_support/tagged_logging.rb:67:in `tagged'
  railties (4.0.0) lib/rails/rack/logger.rb:21:in `call'
  actionpack (4.0.0) lib/action_dispatch/middleware/request_id.rb:21:in `call'
  rack (1.5.2) lib/rack/methodoverride.rb:21:in `call'
  rack (1.5.2) lib/rack/runtime.rb:17:in `call'
  activesupport (4.0.0) lib/active_support/cache/strategy/local_cache.rb:83:in `call'
  rack (1.5.2) lib/rack/lock.rb:17:in `call'
  actionpack (4.0.0) lib/action_dispatch/middleware/static.rb:64:in `call'
  railties (4.0.0) lib/rails/engine.rb:511:in `call'
  railties (4.0.0) lib/rails/application.rb:97:in `call'
  rack (1.5.2) lib/rack/lock.rb:17:in `call'
  rack (1.5.2) lib/rack/content_length.rb:14:in `call'
  rack (1.5.2) lib/rack/handler/webrick.rb:60:in `service'
  c:/RailsInstaller/Ruby2.0.0/lib/ruby/2.0.0/webrick/httpserver.rb:138:in `service'
  c:/RailsInstaller/Ruby2.0.0/lib/ruby/2.0.0/webrick/httpserver.rb:94:in `run'
  c:/RailsInstaller/Ruby2.0.0/lib/ruby/2.0.0/webrick/server.rb:295:in `block in start_thread'


  Rendered c:/RailsInstaller/Ruby2.0.0/lib/ruby/gems/2.0.0/gems/actionpack-4.0.0/lib/action_dispatch/middleware/templates/rescues/_trace.erb (2.0ms)
  Rendered c:/RailsInstaller/Ruby2.0.0/lib/ruby/gems/2.0.0/gems/actionpack-4.0.0/lib/action_dispatch/middleware/templates/routes/_route.html.erb (3.0ms)
  Rendered c:/RailsInstaller/Ruby2.0.0/lib/ruby/gems/2.0.0/gems/actionpack-4.0.0/lib/action_dispatch/middleware/templates/routes/_table.html.erb (1.0ms)
  Rendered c:/RailsInstaller/Ruby2.0.0/lib/ruby/gems/2.0.0/gems/actionpack-4.0.0/lib/action_dispatch/middleware/templates/rescues/routing_error.erb within rescues/layout (75.1ms)


Started DELETE "/posts/1" for 127.0.0.1 at 2013-11-14 00:25:03 +0530
Processing by PostsController#destroy as HTML
  Parameters: {"id"=>"1"}
  [1m[35mUser Load (1.0ms)[0m  SELECT "users".* FROM "users" WHERE "users"."id" = 1 ORDER BY "users"."id" ASC LIMIT 1
  [1m[36mPost Load (0.0ms)[0m  [1mSELECT "posts".* FROM "posts" WHERE "posts"."id" = ? LIMIT 1[0m  [["id", "1"]]
  [1m[35m (0.0ms)[0m  begin transaction
  [1m[36mSQL (8.0ms)[0m  [1mDELETE FROM "posts" WHERE "posts"."id" = ?[0m  [["id", 1]]
  [1m[35m (113.1ms)[0m  commit transaction
Redirected to http://localhost:3000/posts
Completed 302 Found in 138ms (ActiveRecord: 122.1ms)


Started GET "/posts" for 127.0.0.1 at 2013-11-14 00:25:03 +0530
Processing by PostsController#index as HTML
  [1m[36mUser Load (1.0ms)[0m  [1mSELECT "users".* FROM "users" WHERE "users"."id" = 1 ORDER BY "users"."id" ASC LIMIT 1[0m
  [1m[35mPost Load (0.0ms)[0m  SELECT "posts".* FROM "posts"
  Rendered posts/index.html.erb within layouts/application (4.0ms)
Completed 200 OK in 39ms (Views: 35.0ms | ActiveRecord: 1.0ms)


Started GET "/assets/application.css?body=1" for 127.0.0.1 at 2013-11-14 00:25:03 +0530


Started GET "/assets/posts.css?body=1" for 127.0.0.1 at 2013-11-14 00:25:03 +0530


Started GET "/assets/turbolinks.js?body=1" for 127.0.0.1 at 2013-11-14 00:25:03 +0530


Started GET "/assets/jquery.js?body=1" for 127.0.0.1 at 2013-11-14 00:25:03 +0530


Started GET "/assets/user.css?body=1" for 127.0.0.1 at 2013-11-14 00:25:03 +0530


Started GET "/assets/posts.js?body=1" for 127.0.0.1 at 2013-11-14 00:25:03 +0530


Started GET "/assets/jquery_ujs.js?body=1" for 127.0.0.1 at 2013-11-14 00:25:03 +0530


Started GET "/assets/user.js?body=1" for 127.0.0.1 at 2013-11-14 00:25:03 +0530


Started GET "/assets/application.js?body=1" for 127.0.0.1 at 2013-11-14 00:25:03 +0530


Started GET "/javascripts/all.js" for 127.0.0.1 at 2013-11-14 00:25:03 +0530

ActionController::RoutingError (No route matches [GET] "/javascripts/all.js"):
  actionpack (4.0.0) lib/action_dispatch/middleware/debug_exceptions.rb:21:in `call'
  actionpack (4.0.0) lib/action_dispatch/middleware/show_exceptions.rb:30:in `call'
  railties (4.0.0) lib/rails/rack/logger.rb:38:in `call_app'
  railties (4.0.0) lib/rails/rack/logger.rb:21:in `block in call'
  activesupport (4.0.0) lib/active_support/tagged_logging.rb:67:in `block in tagged'
  activesupport (4.0.0) lib/active_support/tagged_logging.rb:25:in `tagged'
  activesupport (4.0.0) lib/active_support/tagged_logging.rb:67:in `tagged'
  railties (4.0.0) lib/rails/rack/logger.rb:21:in `call'
  actionpack (4.0.0) lib/action_dispatch/middleware/request_id.rb:21:in `call'
  rack (1.5.2) lib/rack/methodoverride.rb:21:in `call'
  rack (1.5.2) lib/rack/runtime.rb:17:in `call'
  activesupport (4.0.0) lib/active_support/cache/strategy/local_cache.rb:83:in `call'
  rack (1.5.2) lib/rack/lock.rb:17:in `call'
  actionpack (4.0.0) lib/action_dispatch/middleware/static.rb:64:in `call'
  railties (4.0.0) lib/rails/engine.rb:511:in `call'
  railties (4.0.0) lib/rails/application.rb:97:in `call'
  rack (1.5.2) lib/rack/lock.rb:17:in `call'
  rack (1.5.2) lib/rack/content_length.rb:14:in `call'
  rack (1.5.2) lib/rack/handler/webrick.rb:60:in `service'
  c:/RailsInstaller/Ruby2.0.0/lib/ruby/2.0.0/webrick/httpserver.rb:138:in `service'
  c:/RailsInstaller/Ruby2.0.0/lib/ruby/2.0.0/webrick/httpserver.rb:94:in `run'
  c:/RailsInstaller/Ruby2.0.0/lib/ruby/2.0.0/webrick/server.rb:295:in `block in start_thread'


  Rendered c:/RailsInstaller/Ruby2.0.0/lib/ruby/gems/2.0.0/gems/actionpack-4.0.0/lib/action_dispatch/middleware/templates/rescues/_trace.erb (1.0ms)
  Rendered c:/RailsInstaller/Ruby2.0.0/lib/ruby/gems/2.0.0/gems/actionpack-4.0.0/lib/action_dispatch/middleware/templates/routes/_route.html.erb (2.0ms)
  Rendered c:/RailsInstaller/Ruby2.0.0/lib/ruby/gems/2.0.0/gems/actionpack-4.0.0/lib/action_dispatch/middleware/templates/routes/_table.html.erb (1.0ms)
  Rendered c:/RailsInstaller/Ruby2.0.0/lib/ruby/gems/2.0.0/gems/actionpack-4.0.0/lib/action_dispatch/middleware/templates/rescues/routing_error.erb within rescues/layout (72.0ms)


Started GET "/users/sign_out" for 127.0.0.1 at 2013-11-14 00:25:06 +0530
Processing by Devise::SessionsController#destroy as HTML
  [1m[36mUser Load (0.0ms)[0m  [1mSELECT "users".* FROM "users" WHERE "users"."id" = 1 ORDER BY "users"."id" ASC LIMIT 1[0m
  [1m[35m (0.0ms)[0m  begin transaction
  [1m[36m (0.0ms)[0m  [1mcommit transaction[0m
Redirected to http://localhost:3000/
Completed 302 Found in 41ms (ActiveRecord: 0.0ms)


Started GET "/" for 127.0.0.1 at 2013-11-14 00:25:06 +0530
Processing by PostsController#index as HTML
Completed 401 Unauthorized in 1ms


Started GET "/users/sign_in" for 127.0.0.1 at 2013-11-14 00:25:06 +0530
Processing by Devise::SessionsController#new as HTML
  Rendered c:/RailsInstaller/Ruby2.0.0/lib/ruby/gems/2.0.0/gems/devise-3.2.0/app/views/devise/shared/_links.erb (0.0ms)
  Rendered c:/RailsInstaller/Ruby2.0.0/lib/ruby/gems/2.0.0/gems/devise-3.2.0/app/views/devise/sessions/new.html.erb within layouts/application (7.0ms)
Completed 200 OK in 35ms (Views: 32.0ms | ActiveRecord: 0.0ms)


Started GET "/assets/application.css?body=1" for 127.0.0.1 at 2013-11-14 00:25:06 +0530


Started GET "/assets/jquery.js?body=1" for 127.0.0.1 at 2013-11-14 00:25:06 +0530


Started GET "/assets/posts.css?body=1" for 127.0.0.1 at 2013-11-14 00:25:06 +0530


Started GET "/assets/jquery_ujs.js?body=1" for 127.0.0.1 at 2013-11-14 00:25:06 +0530


Started GET "/assets/turbolinks.js?body=1" for 127.0.0.1 at 2013-11-14 00:25:06 +0530


Started GET "/assets/user.css?body=1" for 127.0.0.1 at 2013-11-14 00:25:06 +0530


Started GET "/assets/posts.js?body=1" for 127.0.0.1 at 2013-11-14 00:25:06 +0530


Started GET "/assets/user.js?body=1" for 127.0.0.1 at 2013-11-14 00:25:06 +0530


Started GET "/assets/application.js?body=1" for 127.0.0.1 at 2013-11-14 00:25:07 +0530


Started GET "/javascripts/all.js" for 127.0.0.1 at 2013-11-14 00:25:07 +0530

ActionController::RoutingError (No route matches [GET] "/javascripts/all.js"):
  actionpack (4.0.0) lib/action_dispatch/middleware/debug_exceptions.rb:21:in `call'
  actionpack (4.0.0) lib/action_dispatch/middleware/show_exceptions.rb:30:in `call'
  railties (4.0.0) lib/rails/rack/logger.rb:38:in `call_app'
  railties (4.0.0) lib/rails/rack/logger.rb:21:in `block in call'
  activesupport (4.0.0) lib/active_support/tagged_logging.rb:67:in `block in tagged'
  activesupport (4.0.0) lib/active_support/tagged_logging.rb:25:in `tagged'
  activesupport (4.0.0) lib/active_support/tagged_logging.rb:67:in `tagged'
  railties (4.0.0) lib/rails/rack/logger.rb:21:in `call'
  actionpack (4.0.0) lib/action_dispatch/middleware/request_id.rb:21:in `call'
  rack (1.5.2) lib/rack/methodoverride.rb:21:in `call'
  rack (1.5.2) lib/rack/runtime.rb:17:in `call'
  activesupport (4.0.0) lib/active_support/cache/strategy/local_cache.rb:83:in `call'
  rack (1.5.2) lib/rack/lock.rb:17:in `call'
  actionpack (4.0.0) lib/action_dispatch/middleware/static.rb:64:in `call'
  railties (4.0.0) lib/rails/engine.rb:511:in `call'
  railties (4.0.0) lib/rails/application.rb:97:in `call'
  rack (1.5.2) lib/rack/lock.rb:17:in `call'
  rack (1.5.2) lib/rack/content_length.rb:14:in `call'
  rack (1.5.2) lib/rack/handler/webrick.rb:60:in `service'
  c:/RailsInstaller/Ruby2.0.0/lib/ruby/2.0.0/webrick/httpserver.rb:138:in `service'
  c:/RailsInstaller/Ruby2.0.0/lib/ruby/2.0.0/webrick/httpserver.rb:94:in `run'
  c:/RailsInstaller/Ruby2.0.0/lib/ruby/2.0.0/webrick/server.rb:295:in `block in start_thread'


  Rendered c:/RailsInstaller/Ruby2.0.0/lib/ruby/gems/2.0.0/gems/actionpack-4.0.0/lib/action_dispatch/middleware/templates/rescues/_trace.erb (1.0ms)
  Rendered c:/RailsInstaller/Ruby2.0.0/lib/ruby/gems/2.0.0/gems/actionpack-4.0.0/lib/action_dispatch/middleware/templates/routes/_route.html.erb (2.0ms)
  Rendered c:/RailsInstaller/Ruby2.0.0/lib/ruby/gems/2.0.0/gems/actionpack-4.0.0/lib/action_dispatch/middleware/templates/routes/_table.html.erb (2.0ms)
  Rendered c:/RailsInstaller/Ruby2.0.0/lib/ruby/gems/2.0.0/gems/actionpack-4.0.0/lib/action_dispatch/middleware/templates/rescues/routing_error.erb within rescues/layout (91.1ms)
